<?xml version="1.0" encoding="UTF-8"?>
<testng-results ignored="0" total="1" passed="1" failed="0" skipped="0">
  <reporter-output>
  </reporter-output>
  <suite started-at="2026-06-08T16:33:08 IST" name="Default suite" finished-at="2026-06-08T16:33:16 IST" duration-ms="7270">
    <groups>
    </groups>
    <test started-at="2026-06-08T16:33:08 IST" name="Default test" finished-at="2026-06-08T16:33:16 IST" duration-ms="7270">
      <class name="Tests.LoginTest1">
        <test-method is-config="true" signature="setup()[pri:0, instance:Tests.LoginTest1@4c402120]" started-at="2026-06-08T16:33:09 IST" name="setup" finished-at="2026-06-08T16:33:15 IST" duration-ms="6973" status="PASS">
          <reporter-output>
          </reporter-output>
        </test-method> <!-- setup -->
        <test-method signature="test()[pri:0, instance:Tests.LoginTest1@4c402120]" started-at="2026-06-08T16:33:16 IST" name="test" finished-at="2026-06-08T16:33:16 IST" duration-ms="241" status="PASS">
          <reporter-output>
          </reporter-output>
        </test-method> <!-- test -->
        <test-method is-config="true" signature="teardown()[pri:0, instance:Tests.LoginTest1@4c402120]" started-at="2026-06-08T16:33:16 IST" name="teardown" finished-at="2026-06-08T16:33:16 IST" duration-ms="13" status="PASS">
          <reporter-output>
          </reporter-output>
        </test-method> <!-- teardown -->
      </class> <!-- Tests.LoginTest1 -->
    </test> <!-- Default test -->
  </suite> <!-- Default suite -->
</testng-results>
